Using pre-set license
Built from '2020.2/release' branch; Version is '2020.2.0f1 (3721df5a8b28) revision 3613151'; Using compiler version '192528614'; Build Type 'Release'
OS: 'Windows 10  (10.0.0) 64bit' Language: 'ru' Physical Memory: 8090 MB
BatchMode: 1, IsHumanControllingUs: 0, StartBugReporterOnCrash: 0, Is64bit: 1, IsPro: 0

 COMMAND LINE ARGUMENTS:
D:\Unityar\2020.2.0f1\Editor\Unity.exe
-adb2
-batchMode
-noUpm
-name
AssetImportWorker1
-projectPath
D:/My directory/UnityGames/TowerRun/TowerRun
-logFile
Logs/AssetImportWorker1.log
-srvPort
50017
Successfully changed project path to: D:/My directory/UnityGames/TowerRun/TowerRun
D:/My directory/UnityGames/TowerRun/TowerRun
Using Asset Import Pipeline V2.
Refreshing native plugins compatible for Editor in 58.92 ms, found 0 plugins.
Preloading 0 native plugins for Editor in 0.00 ms.
Initialize engine version: 2020.2.0f1 (3721df5a8b28)
[Subsystems] Discovering subsystems at path D:/Unityar/2020.2.0f1/Editor/Data/Resources/UnitySubsystems
[Subsystems] Discovering subsystems at path D:/My directory/UnityGames/TowerRun/TowerRun/Assets
GfxDevice: creating device client; threaded=0
Direct3D:
    Version:  Direct3D 11.0 [level 11.0]
    Renderer: NVIDIA GeForce GTX 960M (ID=0x139b)
    Vendor:   
    VRAM:     2010 MB
    Driver:   27.21.14.6089
Initialize mono
Mono path[0] = 'D:/Unityar/2020.2.0f1/Editor/Data/Managed'
Mono path[1] = 'D:/Unityar/2020.2.0f1/Editor/Data/MonoBleedingEdge/lib/mono/unityjit'
Mono config path = 'D:/Unityar/2020.2.0f1/Editor/Data/MonoBleedingEdge/etc'
Using monoOptions --debugger-agent=transport=dt_socket,embedding=1,server=y,suspend=n,address=127.0.0.1:56912
Begin MonoManager ReloadAssembly
Registering precompiled unity dll's ...
Register platform support module: D:/Unityar/2020.2.0f1/Editor/Data/PlaybackEngines/WindowsStandaloneSupport/UnityEditor.WindowsStandalone.Extensions.dll
Register platform support module: D:/Unityar/2020.2.0f1/Editor/Data/PlaybackEngines/LinuxStandaloneSupport/UnityEditor.LinuxStandalone.Extensions.dll
Registered in 0.002168 seconds.
Native extension for LinuxStandalone target not found
Native extension for WindowsStandalone target not found
Refreshing native plugins compatible for Editor in 45.36 ms, found 0 plugins.
Preloading 0 native plugins for Editor in 0.00 ms.
Invoked RoslynAnalysisRunner static constructor.
RoslynAnalysisRunner will not be running.
RoslynAnalysisRunner has terminated.
Mono: successfully reloaded assembly
- Completed reload, in  3.024 seconds
Platform modules already initialized, skipping
Registering precompiled user dll's ...
Registered in 0.000934 seconds.
Begin MonoManager ReloadAssembly
Native extension for LinuxStandalone target not found
Native extension for WindowsStandalone target not found
Refreshing native plugins compatible for Editor in 0.47 ms, found 0 plugins.
Preloading 0 native plugins for Editor in 0.00 ms.
Invoked RoslynAnalysisRunner static constructor.
RoslynAnalysisRunner will not be running.
RoslynAnalysisRunner has terminated.
Mono: successfully reloaded assembly
- Completed reload, in  1.386 seconds
Platform modules already initialized, skipping
========================================================================
Worker process is ready to serve import requests
Launched and connected shader compiler UnityShaderCompiler.exe after 0.18 seconds
Refreshing native plugins compatible for Editor in 0.40 ms, found 0 plugins.
Preloading 0 native plugins for Editor in 0.00 ms.
Unloading 1253 Unused Serialized files (Serialized files now loaded: 0)
System memory in use before: 60.9 MB.
System memory in use after: 61.0 MB.

Unloading 22 unused Assets to reduce memory usage. Loaded Objects now: 1682.
Total: 4.136700 ms (FindLiveObjects: 0.686100 ms CreateObjectMapping: 0.149500 ms MarkObjects: 3.226300 ms  DeleteObjects: 0.073300 ms)

========================================================================
Received Import Request.
  path: Assets/Prefabs/Block.prefab
  artifactKey: Guid(58f3d64a2cd4f41498100341d704c4e1) Importer(815301076,1909f56bfc062723c751e8b465ee728b)
Start importing Assets/Prefabs/Block.prefab using Guid(58f3d64a2cd4f41498100341d704c4e1) Importer(815301076,1909f56bfc062723c751e8b465ee728b)  -> (artifact id: '64a565a5821b6a71b75246c977d4d1f2') in 0.318101 seconds
  Import took 0.335992 seconds .

========================================================================
Received Prepare
Refreshing native plugins compatible for Editor in 4.57 ms, found 0 plugins.
Preloading 0 native plugins for Editor in 0.00 ms.
Unloading 15 Unused Serialized files (Serialized files now loaded: 0)
System memory in use before: 39.6 MB.
System memory in use after: 39.7 MB.

Unloading 16 unused Assets to reduce memory usage. Loaded Objects now: 1690.
Total: 2.744200 ms (FindLiveObjects: 0.319300 ms CreateObjectMapping: 0.101900 ms MarkObjects: 2.270400 ms  DeleteObjects: 0.050900 ms)

========================================================================
Received Prepare
Registering precompiled user dll's ...
Registered in 0.000839 seconds.
Begin MonoManager ReloadAssembly
Native extension for LinuxStandalone target not found
Native extension for WindowsStandalone target not found
Refreshing native plugins compatible for Editor in 0.36 ms, found 0 plugins.
Preloading 0 native plugins for Editor in 0.00 ms.
Invoked RoslynAnalysisRunner static constructor.
RoslynAnalysisRunner will not be running.
RoslynAnalysisRunner has terminated.
Mono: successfully reloaded assembly
- Completed reload, in  1.055 seconds
Platform modules already initialized, skipping
Refreshing native plugins compatible for Editor in 0.40 ms, found 0 plugins.
Preloading 0 native plugins for Editor in 0.00 ms.
Unloading 1247 Unused Serialized files (Serialized files now loaded: 0)
System memory in use before: 64.2 MB.
System memory in use after: 64.3 MB.

Unloading 17 unused Assets to reduce memory usage. Loaded Objects now: 1692.
Total: 2.767700 ms (FindLiveObjects: 0.298000 ms CreateObjectMapping: 0.147300 ms MarkObjects: 2.262100 ms  DeleteObjects: 0.058300 ms)

========================================================================
Received Prepare
Registering precompiled user dll's ...
Registered in 0.000897 seconds.
Begin MonoManager ReloadAssembly
Native extension for LinuxStandalone target not found
Native extension for WindowsStandalone target not found
Refreshing native plugins compatible for Editor in 0.48 ms, found 0 plugins.
Preloading 0 native plugins for Editor in 0.00 ms.
Invoked RoslynAnalysisRunner static constructor.
RoslynAnalysisRunner will not be running.
RoslynAnalysisRunner has terminated.
Mono: successfully reloaded assembly
- Completed reload, in  1.020 seconds
Platform modules already initialized, skipping
Refreshing native plugins compatible for Editor in 0.41 ms, found 0 plugins.
Preloading 0 native plugins for Editor in 0.00 ms.
Unloading 1247 Unused Serialized files (Serialized files now loaded: 0)
System memory in use before: 64.4 MB.
System memory in use after: 64.5 MB.

Unloading 17 unused Assets to reduce memory usage. Loaded Objects now: 1694.
Total: 2.456000 ms (FindLiveObjects: 0.305000 ms CreateObjectMapping: 0.074500 ms MarkObjects: 2.028600 ms  DeleteObjects: 0.046400 ms)

========================================================================
Received Prepare
Registering precompiled user dll's ...
Registered in 0.001020 seconds.
Begin MonoManager ReloadAssembly
Native extension for LinuxStandalone target not found
Native extension for WindowsStandalone target not found
Refreshing native plugins compatible for Editor in 0.41 ms, found 0 plugins.
Preloading 0 native plugins for Editor in 0.00 ms.
Invoked RoslynAnalysisRunner static constructor.
RoslynAnalysisRunner will not be running.
RoslynAnalysisRunner has terminated.
Mono: successfully reloaded assembly
- Completed reload, in  1.084 seconds
Platform modules already initialized, skipping
Refreshing native plugins compatible for Editor in 0.37 ms, found 0 plugins.
Preloading 0 native plugins for Editor in 0.00 ms.
Unloading 1247 Unused Serialized files (Serialized files now loaded: 0)
System memory in use before: 64.6 MB.
System memory in use after: 64.7 MB.

Unloading 17 unused Assets to reduce memory usage. Loaded Objects now: 1696.
Total: 2.606500 ms (FindLiveObjects: 0.365900 ms CreateObjectMapping: 0.068400 ms MarkObjects: 2.110100 ms  DeleteObjects: 0.039700 ms)

========================================================================
Received Prepare
Registering precompiled user dll's ...
Registered in 0.000998 seconds.
Begin MonoManager ReloadAssembly
Native extension for LinuxStandalone target not found
Native extension for WindowsStandalone target not found
Refreshing native plugins compatible for Editor in 0.43 ms, found 0 plugins.
Preloading 0 native plugins for Editor in 0.00 ms.
Invoked RoslynAnalysisRunner static constructor.
RoslynAnalysisRunner will not be running.
RoslynAnalysisRunner has terminated.
Mono: successfully reloaded assembly
- Completed reload, in  1.167 seconds
Platform modules already initialized, skipping
Refreshing native plugins compatible for Editor in 0.42 ms, found 0 plugins.
Preloading 0 native plugins for Editor in 0.00 ms.
Unloading 1247 Unused Serialized files (Serialized files now loaded: 0)
System memory in use before: 64.7 MB.
System memory in use after: 64.8 MB.

Unloading 17 unused Assets to reduce memory usage. Loaded Objects now: 1698.
Total: 2.047400 ms (FindLiveObjects: 0.262200 ms CreateObjectMapping: 0.072100 ms MarkObjects: 1.651000 ms  DeleteObjects: 0.060700 ms)

========================================================================
Received Prepare
Registering precompiled user dll's ...
Registered in 0.001176 seconds.
Begin MonoManager ReloadAssembly
Native extension for LinuxStandalone target not found
Native extension for WindowsStandalone target not found
Refreshing native plugins compatible for Editor in 0.41 ms, found 0 plugins.
Preloading 0 native plugins for Editor in 0.00 ms.
Invoked RoslynAnalysisRunner static constructor.
RoslynAnalysisRunner will not be running.
RoslynAnalysisRunner has terminated.
Mono: successfully reloaded assembly
- Completed reload, in  1.063 seconds
Platform modules already initialized, skipping
Refreshing native plugins compatible for Editor in 1.23 ms, found 0 plugins.
Preloading 0 native plugins for Editor in 0.00 ms.
Unloading 1247 Unused Serialized files (Serialized files now loaded: 0)
System memory in use before: 64.8 MB.
System memory in use after: 64.9 MB.

Unloading 17 unused Assets to reduce memory usage. Loaded Objects now: 1700.
Total: 2.486100 ms (FindLiveObjects: 0.345900 ms CreateObjectMapping: 0.108400 ms MarkObjects: 1.985100 ms  DeleteObjects: 0.045000 ms)

========================================================================
Received Prepare
Registering precompiled user dll's ...
Registered in 0.000937 seconds.
Begin MonoManager ReloadAssembly
Native extension for LinuxStandalone target not found
Native extension for WindowsStandalone target not found
Refreshing native plugins compatible for Editor in 0.47 ms, found 0 plugins.
Preloading 0 native plugins for Editor in 0.00 ms.
Invoked RoslynAnalysisRunner static constructor.
RoslynAnalysisRunner will not be running.
RoslynAnalysisRunner has terminated.
Mono: successfully reloaded assembly
- Completed reload, in  1.074 seconds
Platform modules already initialized, skipping
Refreshing native plugins compatible for Editor in 0.43 ms, found 0 plugins.
Preloading 0 native plugins for Editor in 0.00 ms.
Unloading 1247 Unused Serialized files (Serialized files now loaded: 0)
System memory in use before: 65.0 MB.
System memory in use after: 65.1 MB.

Unloading 17 unused Assets to reduce memory usage. Loaded Objects now: 1702.
Total: 2.827100 ms (FindLiveObjects: 0.445700 ms CreateObjectMapping: 0.136800 ms MarkObjects: 2.183400 ms  DeleteObjects: 0.059600 ms)

========================================================================
Received Prepare
Registering precompiled user dll's ...
Registered in 0.001002 seconds.
Begin MonoManager ReloadAssembly
Native extension for LinuxStandalone target not found
Native extension for WindowsStandalone target not found
Refreshing native plugins compatible for Editor in 0.47 ms, found 0 plugins.
Preloading 0 native plugins for Editor in 0.00 ms.
Invoked RoslynAnalysisRunner static constructor.
RoslynAnalysisRunner will not be running.
RoslynAnalysisRunner has terminated.
Mono: successfully reloaded assembly
- Completed reload, in  1.115 seconds
Platform modules already initialized, skipping
Refreshing native plugins compatible for Editor in 0.58 ms, found 0 plugins.
Preloading 0 native plugins for Editor in 0.00 ms.
Unloading 1247 Unused Serialized files (Serialized files now loaded: 0)
System memory in use before: 65.2 MB.
System memory in use after: 65.3 MB.

Unloading 17 unused Assets to reduce memory usage. Loaded Objects now: 1704.
Total: 2.422500 ms (FindLiveObjects: 0.251600 ms CreateObjectMapping: 0.049000 ms MarkObjects: 2.057900 ms  DeleteObjects: 0.062500 ms)

========================================================================
Received Prepare
Registering precompiled user dll's ...
Registered in 0.000819 seconds.
Begin MonoManager ReloadAssembly
Native extension for LinuxStandalone target not found
Native extension for WindowsStandalone target not found
Refreshing native plugins compatible for Editor in 0.47 ms, found 0 plugins.
Preloading 0 native plugins for Editor in 0.00 ms.
Invoked RoslynAnalysisRunner static constructor.
RoslynAnalysisRunner will not be running.
RoslynAnalysisRunner has terminated.
Mono: successfully reloaded assembly
- Completed reload, in  1.062 seconds
Platform modules already initialized, skipping
Refreshing native plugins compatible for Editor in 0.40 ms, found 0 plugins.
Preloading 0 native plugins for Editor in 0.00 ms.
Unloading 1247 Unused Serialized files (Serialized files now loaded: 0)
System memory in use before: 65.4 MB.
System memory in use after: 65.5 MB.

Unloading 17 unused Assets to reduce memory usage. Loaded Objects now: 1706.
Total: 2.991400 ms (FindLiveObjects: 0.426900 ms CreateObjectMapping: 0.110700 ms MarkObjects: 2.431000 ms  DeleteObjects: 0.020900 ms)

========================================================================
Received Prepare
Registering precompiled user dll's ...
Registered in 0.001172 seconds.
Begin MonoManager ReloadAssembly
Native extension for LinuxStandalone target not found
Native extension for WindowsStandalone target not found
Refreshing native plugins compatible for Editor in 0.40 ms, found 0 plugins.
Preloading 0 native plugins for Editor in 0.00 ms.
Invoked RoslynAnalysisRunner static constructor.
RoslynAnalysisRunner will not be running.
RoslynAnalysisRunner has terminated.
Mono: successfully reloaded assembly
- Completed reload, in  1.068 seconds
Platform modules already initialized, skipping
Refreshing native plugins compatible for Editor in 0.41 ms, found 0 plugins.
Preloading 0 native plugins for Editor in 0.00 ms.
Unloading 1247 Unused Serialized files (Serialized files now loaded: 0)
System memory in use before: 65.5 MB.
System memory in use after: 65.6 MB.

Unloading 17 unused Assets to reduce memory usage. Loaded Objects now: 1708.
Total: 2.507800 ms (FindLiveObjects: 0.214500 ms CreateObjectMapping: 0.091400 ms MarkObjects: 2.180100 ms  DeleteObjects: 0.020300 ms)

========================================================================
Received Import Request.
  Time since last request: 2708.161959 seconds.
  path: Assets/Prefabs/Block.prefab
  artifactKey: Guid(58f3d64a2cd4f41498100341d704c4e1) Importer(815301076,1909f56bfc062723c751e8b465ee728b)
Start importing Assets/Prefabs/Block.prefab using Guid(58f3d64a2cd4f41498100341d704c4e1) Importer(815301076,1909f56bfc062723c751e8b465ee728b)  -> (artifact id: 'c56ecd398147e98ffe4b1f99382d23ea') in 0.104443 seconds
  Import took 0.129526 seconds .

========================================================================
Received Import Request.
  Time since last request: 258.525959 seconds.
  path: Assets/Prefabs/Block.prefab
  artifactKey: Guid(58f3d64a2cd4f41498100341d704c4e1) Importer(815301076,1909f56bfc062723c751e8b465ee728b)
Start importing Assets/Prefabs/Block.prefab using Guid(58f3d64a2cd4f41498100341d704c4e1) Importer(815301076,1909f56bfc062723c751e8b465ee728b)  -> (artifact id: '9d60529ff00ac80e3560f1ddd9843dc5') in 0.036437 seconds
  Import took 0.063117 seconds .

========================================================================
Received Import Request.
  Time since last request: 0.002828 seconds.
  path: Assets/Prefabs/Block.prefab
  artifactKey: Guid(58f3d64a2cd4f41498100341d704c4e1) Importer(815301076,1909f56bfc062723c751e8b465ee728b)
Start importing Assets/Prefabs/Block.prefab using Guid(58f3d64a2cd4f41498100341d704c4e1) Importer(815301076,1909f56bfc062723c751e8b465ee728b)  -> (artifact id: '9d60529ff00ac80e3560f1ddd9843dc5') in 0.009031 seconds
  Import took 0.011791 seconds .

========================================================================
Received Import Request.
  Time since last request: 33.955850 seconds.
  path: Assets/Prefabs/Block.prefab
  artifactKey: Guid(58f3d64a2cd4f41498100341d704c4e1) Importer(815301076,1909f56bfc062723c751e8b465ee728b)
Start importing Assets/Prefabs/Block.prefab using Guid(58f3d64a2cd4f41498100341d704c4e1) Importer(815301076,1909f56bfc062723c751e8b465ee728b)  -> (artifact id: 'fa2c1ec236c09d22bdf63eb914af7e30') in 0.010825 seconds
  Import took 0.024725 seconds .

========================================================================
Received Import Request.
  Time since last request: 20.615369 seconds.
  path: Assets/Prefabs/Block.prefab
  artifactKey: Guid(58f3d64a2cd4f41498100341d704c4e1) Importer(815301076,1909f56bfc062723c751e8b465ee728b)
Start importing Assets/Prefabs/Block.prefab using Guid(58f3d64a2cd4f41498100341d704c4e1) Importer(815301076,1909f56bfc062723c751e8b465ee728b)  -> (artifact id: '44848e6ac735c72d4ed8c67a92a23f80') in 0.021395 seconds
  Import took 0.045017 seconds .

========================================================================
Received Import Request.
  Time since last request: 12.512186 seconds.
  path: Assets/Prefabs/Block.prefab
  artifactKey: Guid(58f3d64a2cd4f41498100341d704c4e1) Importer(815301076,1909f56bfc062723c751e8b465ee728b)
Start importing Assets/Prefabs/Block.prefab using Guid(58f3d64a2cd4f41498100341d704c4e1) Importer(815301076,1909f56bfc062723c751e8b465ee728b)  -> (artifact id: '8af11e83b3d5b6490d461c8eab1a82e6') in 0.030477 seconds
  Import took 0.033605 seconds .

========================================================================
Received Import Request.
  Time since last request: 6.857441 seconds.
  path: Assets/Prefabs/Block.prefab
  artifactKey: Guid(58f3d64a2cd4f41498100341d704c4e1) Importer(815301076,1909f56bfc062723c751e8b465ee728b)
Start importing Assets/Prefabs/Block.prefab using Guid(58f3d64a2cd4f41498100341d704c4e1) Importer(815301076,1909f56bfc062723c751e8b465ee728b)  -> (artifact id: '4ae5c651fbbe574a2922e16d2f4d5ef2') in 0.013911 seconds
  Import took 0.018312 seconds .

========================================================================
Received Import Request.
  Time since last request: 5.076290 seconds.
  path: Assets/Prefabs/Block.prefab
  artifactKey: Guid(58f3d64a2cd4f41498100341d704c4e1) Importer(815301076,1909f56bfc062723c751e8b465ee728b)
Start importing Assets/Prefabs/Block.prefab using Guid(58f3d64a2cd4f41498100341d704c4e1) Importer(815301076,1909f56bfc062723c751e8b465ee728b)  -> (artifact id: 'bb34e31cf26c907a31fc04ebc5dc3112') in 0.009170 seconds
  Import took 0.021290 seconds .

========================================================================
Received Import Request.
  Time since last request: 12.886379 seconds.
  path: Assets/Prefabs/Block.prefab
  artifactKey: Guid(58f3d64a2cd4f41498100341d704c4e1) Importer(815301076,1909f56bfc062723c751e8b465ee728b)
Start importing Assets/Prefabs/Block.prefab using Guid(58f3d64a2cd4f41498100341d704c4e1) Importer(815301076,1909f56bfc062723c751e8b465ee728b)  -> (artifact id: '1f8659265e5806cbcbe72aa7adb98e51') in 0.025169 seconds
  Import took 0.029810 seconds .

========================================================================
Received Import Request.
  Time since last request: 1.619094 seconds.
  path: Assets/Prefabs/Block.prefab
  artifactKey: Guid(58f3d64a2cd4f41498100341d704c4e1) Importer(815301076,1909f56bfc062723c751e8b465ee728b)
Start importing Assets/Prefabs/Block.prefab using Guid(58f3d64a2cd4f41498100341d704c4e1) Importer(815301076,1909f56bfc062723c751e8b465ee728b)  -> (artifact id: 'e5a63a651938e006f7985d0d3283adea') in 0.010783 seconds
  Import took 0.039914 seconds .

========================================================================
Received Import Request.
  Time since last request: 3.407466 seconds.
  path: Assets/Prefabs/Block.prefab
  artifactKey: Guid(58f3d64a2cd4f41498100341d704c4e1) Importer(815301076,1909f56bfc062723c751e8b465ee728b)
Start importing Assets/Prefabs/Block.prefab using Guid(58f3d64a2cd4f41498100341d704c4e1) Importer(815301076,1909f56bfc062723c751e8b465ee728b)  -> (artifact id: 'b120c13037db254c661cd3b599b05626') in 0.011835 seconds
  Import took 0.051932 seconds .

========================================================================
Received Import Request.
  Time since last request: 4.246234 seconds.
  path: Assets/Prefabs/Block.prefab
  artifactKey: Guid(58f3d64a2cd4f41498100341d704c4e1) Importer(815301076,1909f56bfc062723c751e8b465ee728b)
Start importing Assets/Prefabs/Block.prefab using Guid(58f3d64a2cd4f41498100341d704c4e1) Importer(815301076,1909f56bfc062723c751e8b465ee728b)  -> (artifact id: '4ce5913ed539019b0afdfb3efad0b829') in 0.010409 seconds
  Import took 0.017626 seconds .

========================================================================
Received Import Request.
  Time since last request: 12.739472 seconds.
  path: Assets/Prefabs/Block.prefab
  artifactKey: Guid(58f3d64a2cd4f41498100341d704c4e1) Importer(815301076,1909f56bfc062723c751e8b465ee728b)
Start importing Assets/Prefabs/Block.prefab using Guid(58f3d64a2cd4f41498100341d704c4e1) Importer(815301076,1909f56bfc062723c751e8b465ee728b)  -> (artifact id: 'a862639e3fef7e6367ebb0a858aab607') in 0.027525 seconds
  Import took 0.042211 seconds .

========================================================================
Received Import Request.
  Time since last request: 8.933985 seconds.
  path: Assets/Prefabs/Block.prefab
  artifactKey: Guid(58f3d64a2cd4f41498100341d704c4e1) Importer(815301076,1909f56bfc062723c751e8b465ee728b)
Start importing Assets/Prefabs/Block.prefab using Guid(58f3d64a2cd4f41498100341d704c4e1) Importer(815301076,1909f56bfc062723c751e8b465ee728b)  -> (artifact id: '50522ae2c92b10791914f660cb69e582') in 0.009819 seconds
  Import took 0.029911 seconds .

========================================================================
Received Import Request.
  Time since last request: 2.381408 seconds.
  path: Assets/Prefabs/Block.prefab
  artifactKey: Guid(58f3d64a2cd4f41498100341d704c4e1) Importer(815301076,1909f56bfc062723c751e8b465ee728b)
Start importing Assets/Prefabs/Block.prefab using Guid(58f3d64a2cd4f41498100341d704c4e1) Importer(815301076,1909f56bfc062723c751e8b465ee728b)  -> (artifact id: '62d64320d9fda180ca6a5d1bb8a06350') in 0.014019 seconds
  Import took 0.018692 seconds .

========================================================================
Received Import Request.
  Time since last request: 3.601100 seconds.
  path: Assets/Prefabs/Block.prefab
  artifactKey: Guid(58f3d64a2cd4f41498100341d704c4e1) Importer(815301076,1909f56bfc062723c751e8b465ee728b)
Start importing Assets/Prefabs/Block.prefab using Guid(58f3d64a2cd4f41498100341d704c4e1) Importer(815301076,1909f56bfc062723c751e8b465ee728b)  -> (artifact id: 'f75566d2882d1abd73dba03f18e5ab5c') in 0.013503 seconds
  Import took 0.035696 seconds .

========================================================================
Received Import Request.
  Time since last request: 5.480600 seconds.
  path: Assets/Prefabs/Block.prefab
  artifactKey: Guid(58f3d64a2cd4f41498100341d704c4e1) Importer(815301076,1909f56bfc062723c751e8b465ee728b)
Start importing Assets/Prefabs/Block.prefab using Guid(58f3d64a2cd4f41498100341d704c4e1) Importer(815301076,1909f56bfc062723c751e8b465ee728b)  -> (artifact id: '6a02b424f67c6bc66cd69ace252324fd') in 0.028793 seconds
  Import took 0.046735 seconds .

========================================================================
Received Prepare
Registering precompiled user dll's ...
Registered in 0.001615 seconds.
Begin MonoManager ReloadAssembly
Native extension for LinuxStandalone target not found
Native extension for WindowsStandalone target not found
Refreshing native plugins compatible for Editor in 0.44 ms, found 0 plugins.
Preloading 0 native plugins for Editor in 0.00 ms.
Invoked RoslynAnalysisRunner static constructor.
RoslynAnalysisRunner will not be running.
RoslynAnalysisRunner has terminated.
Mono: successfully reloaded assembly
- Completed reload, in  1.273 seconds
Platform modules already initialized, skipping
Refreshing native plugins compatible for Editor in 0.44 ms, found 0 plugins.
Preloading 0 native plugins for Editor in 0.00 ms.
Unloading 1247 Unused Serialized files (Serialized files now loaded: 0)
System memory in use before: 65.7 MB.
System memory in use after: 65.8 MB.

Unloading 18 unused Assets to reduce memory usage. Loaded Objects now: 1711.
Total: 2.298300 ms (FindLiveObjects: 0.184100 ms CreateObjectMapping: 0.059300 ms MarkObjects: 1.969000 ms  DeleteObjects: 0.084800 ms)

========================================================================
Received Import Request.
  Time since last request: 1450.259332 seconds.
  path: Assets/Scripts/Tower.cs
  artifactKey: Guid(a6a8f7690073a554da3c81ac6a2adf39) Importer(815301076,1909f56bfc062723c751e8b465ee728b)
Start importing Assets/Scripts/Tower.cs using Guid(a6a8f7690073a554da3c81ac6a2adf39) Importer(815301076,1909f56bfc062723c751e8b465ee728b)  -> (artifact id: '258faa0bdd61f0cf2584581223a1d70e') in 0.124966 seconds
  Import took 0.142334 seconds .

========================================================================
Received Prepare
Registering precompiled user dll's ...
Registered in 0.000905 seconds.
Begin MonoManager ReloadAssembly
Native extension for LinuxStandalone target not found
Native extension for WindowsStandalone target not found
Refreshing native plugins compatible for Editor in 0.40 ms, found 0 plugins.
Preloading 0 native plugins for Editor in 0.00 ms.
Invoked RoslynAnalysisRunner static constructor.
RoslynAnalysisRunner will not be running.
RoslynAnalysisRunner has terminated.
Mono: successfully reloaded assembly
- Completed reload, in  1.180 seconds
Platform modules already initialized, skipping
Refreshing native plugins compatible for Editor in 0.40 ms, found 0 plugins.
Preloading 0 native plugins for Editor in 0.00 ms.
Unloading 1248 Unused Serialized files (Serialized files now loaded: 0)
System memory in use before: 65.8 MB.
System memory in use after: 65.9 MB.

Unloading 17 unused Assets to reduce memory usage. Loaded Objects now: 1714.
Total: 2.415900 ms (FindLiveObjects: 0.400300 ms CreateObjectMapping: 0.122400 ms MarkObjects: 1.870100 ms  DeleteObjects: 0.021600 ms)

========================================================================
Received Import Request.
  Time since last request: 95.216634 seconds.
  path: Assets/Scripts/Tower.cs
  artifactKey: Guid(a6a8f7690073a554da3c81ac6a2adf39) Importer(815301076,1909f56bfc062723c751e8b465ee728b)
Start importing Assets/Scripts/Tower.cs using Guid(a6a8f7690073a554da3c81ac6a2adf39) Importer(815301076,1909f56bfc062723c751e8b465ee728b)  -> (artifact id: 'c3d638f042a75034ea3b536c76e947f6') in 0.004634 seconds
  Import took 0.018596 seconds .

========================================================================
Received Import Request.
  Time since last request: 0.622408 seconds.
  path: Assets/Scripts/Tower1.cs
  artifactKey: Guid(62bc025fad986d8458807a8e7bc41113) Importer(815301076,1909f56bfc062723c751e8b465ee728b)
Start importing Assets/Scripts/Tower1.cs using Guid(62bc025fad986d8458807a8e7bc41113) Importer(815301076,1909f56bfc062723c751e8b465ee728b)  -> (artifact id: 'e2ca1fffc208a677d8e3152c9d82d6d6') in 0.006814 seconds
  Import took 0.011730 seconds .

========================================================================
Received Import Request.
  Time since last request: 0.043004 seconds.
  path: Assets/Scripts/Tower1.cs
  artifactKey: Guid(62bc025fad986d8458807a8e7bc41113) Importer(815301076,1909f56bfc062723c751e8b465ee728b)
Start importing Assets/Scripts/Tower1.cs using Guid(62bc025fad986d8458807a8e7bc41113) Importer(815301076,1909f56bfc062723c751e8b465ee728b)  -> (artifact id: 'e2ca1fffc208a677d8e3152c9d82d6d6') in 0.002596 seconds
  Import took 0.006267 seconds .

========================================================================
Received Prepare
Registering precompiled user dll's ...
Registered in 0.000782 seconds.
Begin MonoManager ReloadAssembly
Native extension for LinuxStandalone target not found
Native extension for WindowsStandalone target not found
Refreshing native plugins compatible for Editor in 0.39 ms, found 0 plugins.
Preloading 0 native plugins for Editor in 0.00 ms.
Invoked RoslynAnalysisRunner static constructor.
RoslynAnalysisRunner will not be running.
RoslynAnalysisRunner has terminated.
Mono: successfully reloaded assembly
- Completed reload, in  1.135 seconds
Platform modules already initialized, skipping
Refreshing native plugins compatible for Editor in 0.49 ms, found 0 plugins.
Preloading 0 native plugins for Editor in 0.00 ms.
Unloading 1247 Unused Serialized files (Serialized files now loaded: 0)
System memory in use before: 65.0 MB.
System memory in use after: 65.1 MB.

Unloading 18 unused Assets to reduce memory usage. Loaded Objects now: 1715.
Total: 2.869400 ms (FindLiveObjects: 0.241900 ms CreateObjectMapping: 0.087200 ms MarkObjects: 2.485900 ms  DeleteObjects: 0.052300 ms)

========================================================================
Received Import Request.
  Time since last request: 44.479089 seconds.
  path: Assets/Scripts/Tower.cs
  artifactKey: Guid(62bc025fad986d8458807a8e7bc41113) Importer(815301076,1909f56bfc062723c751e8b465ee728b)
Start importing Assets/Scripts/Tower.cs using Guid(62bc025fad986d8458807a8e7bc41113) Importer(815301076,1909f56bfc062723c751e8b465ee728b)  -> (artifact id: '8e0244bc6faef60bc2269458e0fc70a1') in 0.004728 seconds
  Import took 0.241792 seconds .

========================================================================
Received Prepare
Registering precompiled user dll's ...
Registered in 0.000876 seconds.
Begin MonoManager ReloadAssembly
Native extension for LinuxStandalone target not found
Native extension for WindowsStandalone target not found
Refreshing native plugins compatible for Editor in 0.45 ms, found 0 plugins.
Preloading 0 native plugins for Editor in 0.00 ms.
Invoked RoslynAnalysisRunner static constructor.
RoslynAnalysisRunner will not be running.
RoslynAnalysisRunner has terminated.
Mono: successfully reloaded assembly
- Completed reload, in  1.185 seconds
Platform modules already initialized, skipping
Refreshing native plugins compatible for Editor in 0.47 ms, found 0 plugins.
Preloading 0 native plugins for Editor in 0.00 ms.
Unloading 1247 Unused Serialized files (Serialized files now loaded: 0)
System memory in use before: 65.2 MB.
System memory in use after: 65.3 MB.

Unloading 17 unused Assets to reduce memory usage. Loaded Objects now: 1717.
Total: 2.145600 ms (FindLiveObjects: 0.266700 ms CreateObjectMapping: 0.064000 ms MarkObjects: 1.794200 ms  DeleteObjects: 0.019400 ms)

========================================================================
Received Prepare
Registering precompiled user dll's ...
Registered in 0.001026 seconds.
Begin MonoManager ReloadAssembly
Native extension for LinuxStandalone target not found
Native extension for WindowsStandalone target not found
Refreshing native plugins compatible for Editor in 0.37 ms, found 0 plugins.
Preloading 0 native plugins for Editor in 0.00 ms.
Invoked RoslynAnalysisRunner static constructor.
RoslynAnalysisRunner will not be running.
RoslynAnalysisRunner has terminated.
Mono: successfully reloaded assembly
- Completed reload, in  1.285 seconds
Platform modules already initialized, skipping
Refreshing native plugins compatible for Editor in 0.66 ms, found 0 plugins.
Preloading 0 native plugins for Editor in 0.00 ms.
Unloading 1247 Unused Serialized files (Serialized files now loaded: 0)
System memory in use before: 65.3 MB.
System memory in use after: 65.4 MB.

Unloading 17 unused Assets to reduce memory usage. Loaded Objects now: 1719.
Total: 3.389200 ms (FindLiveObjects: 0.519100 ms CreateObjectMapping: 0.083500 ms MarkObjects: 2.760800 ms  DeleteObjects: 0.023900 ms)

========================================================================
Received Prepare
Registering precompiled user dll's ...
Registered in 0.001497 seconds.
Begin MonoManager ReloadAssembly
Native extension for LinuxStandalone target not found
Native extension for WindowsStandalone target not found
Refreshing native plugins compatible for Editor in 0.39 ms, found 0 plugins.
Preloading 0 native plugins for Editor in 0.00 ms.
Invoked RoslynAnalysisRunner static constructor.
RoslynAnalysisRunner will not be running.
RoslynAnalysisRunner has terminated.
Mono: successfully reloaded assembly
- Completed reload, in  1.113 seconds
Platform modules already initialized, skipping
Refreshing native plugins compatible for Editor in 0.52 ms, found 0 plugins.
Preloading 0 native plugins for Editor in 0.00 ms.
Unloading 1247 Unused Serialized files (Serialized files now loaded: 0)
System memory in use before: 65.5 MB.
System memory in use after: 65.6 MB.

Unloading 17 unused Assets to reduce memory usage. Loaded Objects now: 1721.
Total: 2.527400 ms (FindLiveObjects: 0.224400 ms CreateObjectMapping: 0.044900 ms MarkObjects: 2.198900 ms  DeleteObjects: 0.057600 ms)

========================================================================
Received Prepare
Registering precompiled user dll's ...
Registered in 0.000910 seconds.
Begin MonoManager ReloadAssembly
Native extension for LinuxStandalone target not found
Native extension for WindowsStandalone target not found
Refreshing native plugins compatible for Editor in 0.74 ms, found 0 plugins.
Preloading 0 native plugins for Editor in 0.00 ms.
Invoked RoslynAnalysisRunner static constructor.
RoslynAnalysisRunner will not be running.
RoslynAnalysisRunner has terminated.
Mono: successfully reloaded assembly
- Completed reload, in  1.158 seconds
Platform modules already initialized, skipping
Refreshing native plugins compatible for Editor in 0.58 ms, found 0 plugins.
Preloading 0 native plugins for Editor in 0.00 ms.
Unloading 1247 Unused Serialized files (Serialized files now loaded: 0)
System memory in use before: 65.7 MB.
System memory in use after: 65.8 MB.

Unloading 17 unused Assets to reduce memory usage. Loaded Objects now: 1723.
Total: 3.125900 ms (FindLiveObjects: 0.228100 ms CreateObjectMapping: 0.081000 ms MarkObjects: 2.792300 ms  DeleteObjects: 0.022900 ms)

========================================================================
Received Prepare
Registering precompiled user dll's ...
Registered in 0.001387 seconds.
Begin MonoManager ReloadAssembly
Native extension for LinuxStandalone target not found
Native extension for WindowsStandalone target not found
Refreshing native plugins compatible for Editor in 0.49 ms, found 0 plugins.
Preloading 0 native plugins for Editor in 0.00 ms.
Invoked RoslynAnalysisRunner static constructor.
RoslynAnalysisRunner will not be running.
RoslynAnalysisRunner has terminated.
Mono: successfully reloaded assembly
- Completed reload, in  1.124 seconds
Platform modules already initialized, skipping
Refreshing native plugins compatible for Editor in 0.45 ms, found 0 plugins.
Preloading 0 native plugins for Editor in 0.00 ms.
Unloading 1247 Unused Serialized files (Serialized files now loaded: 0)
System memory in use before: 65.8 MB.
System memory in use after: 65.9 MB.

Unloading 17 unused Assets to reduce memory usage. Loaded Objects now: 1725.
Total: 2.060200 ms (FindLiveObjects: 0.202300 ms CreateObjectMapping: 0.046700 ms MarkObjects: 1.790400 ms  DeleteObjects: 0.019300 ms)

========================================================================
Received Prepare
Registering precompiled user dll's ...
Registered in 0.001500 seconds.
Begin MonoManager ReloadAssembly
Native extension for LinuxStandalone target not found
Native extension for WindowsStandalone target not found
Refreshing native plugins compatible for Editor in 0.53 ms, found 0 plugins.
Preloading 0 native plugins for Editor in 0.00 ms.
Invoked RoslynAnalysisRunner static constructor.
RoslynAnalysisRunner will not be running.
RoslynAnalysisRunner has terminated.
Mono: successfully reloaded assembly
- Completed reload, in  1.119 seconds
Platform modules already initialized, skipping
Refreshing native plugins compatible for Editor in 0.44 ms, found 0 plugins.
Preloading 0 native plugins for Editor in 0.00 ms.
Unloading 1247 Unused Serialized files (Serialized files now loaded: 0)
System memory in use before: 65.9 MB.
System memory in use after: 66.0 MB.

Unloading 17 unused Assets to reduce memory usage. Loaded Objects now: 1727.
Total: 2.666300 ms (FindLiveObjects: 0.265100 ms CreateObjectMapping: 0.163000 ms MarkObjects: 2.194200 ms  DeleteObjects: 0.040300 ms)

========================================================================
Received Prepare
Registering precompiled user dll's ...
Registered in 0.001717 seconds.
Begin MonoManager ReloadAssembly
Native extension for LinuxStandalone target not found
Native extension for WindowsStandalone target not found
Refreshing native plugins compatible for Editor in 0.41 ms, found 0 plugins.
Preloading 0 native plugins for Editor in 0.00 ms.
Invoked RoslynAnalysisRunner static constructor.
RoslynAnalysisRunner will not be running.
RoslynAnalysisRunner has terminated.
Mono: successfully reloaded assembly
- Completed reload, in  1.134 seconds
Platform modules already initialized, skipping
Refreshing native plugins compatible for Editor in 0.47 ms, found 0 plugins.
Preloading 0 native plugins for Editor in 0.00 ms.
Unloading 1247 Unused Serialized files (Serialized files now loaded: 0)
System memory in use before: 65.1 MB.
System memory in use after: 65.2 MB.

Unloading 17 unused Assets to reduce memory usage. Loaded Objects now: 1729.
Total: 1.869200 ms (FindLiveObjects: 0.143900 ms CreateObjectMapping: 0.046200 ms MarkObjects: 1.660100 ms  DeleteObjects: 0.017700 ms)

========================================================================
Received Prepare
Registering precompiled user dll's ...
Registered in 0.000902 seconds.
Begin MonoManager ReloadAssembly
Native extension for LinuxStandalone target not found
Native extension for WindowsStandalone target not found
Refreshing native plugins compatible for Editor in 0.41 ms, found 0 plugins.
Preloading 0 native plugins for Editor in 0.00 ms.
Invoked RoslynAnalysisRunner static constructor.
RoslynAnalysisRunner will not be running.
RoslynAnalysisRunner has terminated.
Mono: successfully reloaded assembly
- Completed reload, in  1.117 seconds
Platform modules already initialized, skipping
Refreshing native plugins compatible for Editor in 0.49 ms, found 0 plugins.
Preloading 0 native plugins for Editor in 0.00 ms.
Unloading 1247 Unused Serialized files (Serialized files now loaded: 0)
System memory in use before: 65.3 MB.
System memory in use after: 65.4 MB.

Unloading 17 unused Assets to reduce memory usage. Loaded Objects now: 1731.
Total: 2.920800 ms (FindLiveObjects: 0.152600 ms CreateObjectMapping: 0.134700 ms MarkObjects: 2.576600 ms  DeleteObjects: 0.055200 ms)

========================================================================
Received Prepare
Registering precompiled user dll's ...
Registered in 0.015200 seconds.
Begin MonoManager ReloadAssembly
Native extension for LinuxStandalone target not found
Native extension for WindowsStandalone target not found
Refreshing native plugins compatible for Editor in 0.35 ms, found 0 plugins.
Preloading 0 native plugins for Editor in 0.00 ms.
Invoked RoslynAnalysisRunner static constructor.
RoslynAnalysisRunner will not be running.
RoslynAnalysisRunner has terminated.
Mono: successfully reloaded assembly
- Completed reload, in  1.709 seconds
Platform modules already initialized, skipping
Refreshing native plugins compatible for Editor in 0.42 ms, found 0 plugins.
Preloading 0 native plugins for Editor in 0.00 ms.
Unloading 1247 Unused Serialized files (Serialized files now loaded: 0)
System memory in use before: 65.5 MB.
System memory in use after: 65.6 MB.

Unloading 17 unused Assets to reduce memory usage. Loaded Objects now: 1733.
Total: 2.857900 ms (FindLiveObjects: 0.226700 ms CreateObjectMapping: 0.076000 ms MarkObjects: 2.425800 ms  DeleteObjects: 0.127800 ms)

========================================================================
Received Prepare
Registering precompiled user dll's ...
Registered in 0.013465 seconds.
Begin MonoManager ReloadAssembly
Native extension for LinuxStandalone target not found
Native extension for WindowsStandalone target not found
Refreshing native plugins compatible for Editor in 0.37 ms, found 0 plugins.
Preloading 0 native plugins for Editor in 0.00 ms.
Invoked RoslynAnalysisRunner static constructor.
RoslynAnalysisRunner will not be running.
RoslynAnalysisRunner has terminated.
Mono: successfully reloaded assembly
- Completed reload, in  1.694 seconds
Platform modules already initialized, skipping
Refreshing native plugins compatible for Editor in 0.42 ms, found 0 plugins.
Preloading 0 native plugins for Editor in 0.00 ms.
Unloading 1247 Unused Serialized files (Serialized files now loaded: 0)
System memory in use before: 65.6 MB.
System memory in use after: 65.7 MB.

Unloading 17 unused Assets to reduce memory usage. Loaded Objects now: 1735.
Total: 3.722700 ms (FindLiveObjects: 0.402400 ms CreateObjectMapping: 0.119900 ms MarkObjects: 3.149600 ms  DeleteObjects: 0.049000 ms)

========================================================================
Received Prepare
Registering precompiled user dll's ...
Registered in 0.001233 seconds.
Begin MonoManager ReloadAssembly
Native extension for LinuxStandalone target not found
Native extension for WindowsStandalone target not found
Refreshing native plugins compatible for Editor in 0.39 ms, found 0 plugins.
Preloading 0 native plugins for Editor in 0.00 ms.
Invoked RoslynAnalysisRunner static constructor.
RoslynAnalysisRunner will not be running.
RoslynAnalysisRunner has terminated.
Mono: successfully reloaded assembly
- Completed reload, in  1.344 seconds
Platform modules already initialized, skipping
Refreshing native plugins compatible for Editor in 0.40 ms, found 0 plugins.
Preloading 0 native plugins for Editor in 0.00 ms.
Unloading 1247 Unused Serialized files (Serialized files now loaded: 0)
System memory in use before: 65.8 MB.
System memory in use after: 65.9 MB.

Unloading 17 unused Assets to reduce memory usage. Loaded Objects now: 1737.
Total: 3.130600 ms (FindLiveObjects: 0.344100 ms CreateObjectMapping: 0.054700 ms MarkObjects: 2.705200 ms  DeleteObjects: 0.025000 ms)

========================================================================
Received Prepare
Registering precompiled user dll's ...
Registered in 0.001553 seconds.
Begin MonoManager ReloadAssembly
Native extension for LinuxStandalone target not found
Native extension for WindowsStandalone target not found
Refreshing native plugins compatible for Editor in 0.62 ms, found 0 plugins.
Preloading 0 native plugins for Editor in 0.00 ms.
Invoked RoslynAnalysisRunner static constructor.
RoslynAnalysisRunner will not be running.
RoslynAnalysisRunner has terminated.
Mono: successfully reloaded assembly
- Completed reload, in  1.195 seconds
Platform modules already initialized, skipping
Refreshing native plugins compatible for Editor in 0.49 ms, found 0 plugins.
Preloading 0 native plugins for Editor in 0.00 ms.
Unloading 1247 Unused Serialized files (Serialized files now loaded: 0)
System memory in use before: 65.9 MB.
System memory in use after: 66.0 MB.

Unloading 17 unused Assets to reduce memory usage. Loaded Objects now: 1739.
Total: 2.177100 ms (FindLiveObjects: 0.266000 ms CreateObjectMapping: 0.094400 ms MarkObjects: 1.796600 ms  DeleteObjects: 0.018700 ms)

========================================================================
Received Prepare
Registering precompiled user dll's ...
Registered in 0.000921 seconds.
Begin MonoManager ReloadAssembly
Native extension for LinuxStandalone target not found
Native extension for WindowsStandalone target not found
Refreshing native plugins compatible for Editor in 0.42 ms, found 0 plugins.
Preloading 0 native plugins for Editor in 0.00 ms.
Invoked RoslynAnalysisRunner static constructor.
RoslynAnalysisRunner will not be running.
RoslynAnalysisRunner has terminated.
Mono: successfully reloaded assembly
- Completed reload, in  1.140 seconds
Platform modules already initialized, skipping
Refreshing native plugins compatible for Editor in 0.45 ms, found 0 plugins.
Preloading 0 native plugins for Editor in 0.00 ms.
Unloading 1247 Unused Serialized files (Serialized files now loaded: 0)
System memory in use before: 65.1 MB.
System memory in use after: 65.2 MB.

Unloading 17 unused Assets to reduce memory usage. Loaded Objects now: 1741.
Total: 3.567700 ms (FindLiveObjects: 0.422300 ms CreateObjectMapping: 0.123600 ms MarkObjects: 2.987000 ms  DeleteObjects: 0.032400 ms)

========================================================================
Received Prepare
Registering precompiled user dll's ...
Registered in 0.001237 seconds.
Begin MonoManager ReloadAssembly
Native extension for LinuxStandalone target not found
Native extension for WindowsStandalone target not found
Refreshing native plugins compatible for Editor in 0.63 ms, found 0 plugins.
Preloading 0 native plugins for Editor in 0.00 ms.
Invoked RoslynAnalysisRunner static constructor.
RoslynAnalysisRunner will not be running.
RoslynAnalysisRunner has terminated.
Mono: successfully reloaded assembly
- Completed reload, in  1.121 seconds
Platform modules already initialized, skipping
Refreshing native plugins compatible for Editor in 0.42 ms, found 0 plugins.
Preloading 0 native plugins for Editor in 0.00 ms.
Unloading 1247 Unused Serialized files (Serialized files now loaded: 0)
System memory in use before: 65.2 MB.
System memory in use after: 65.4 MB.

Unloading 17 unused Assets to reduce memory usage. Loaded Objects now: 1743.
Total: 3.840400 ms (FindLiveObjects: 0.609800 ms CreateObjectMapping: 0.119700 ms MarkObjects: 3.062800 ms  DeleteObjects: 0.043500 ms)

========================================================================
Received Prepare
Registering precompiled user dll's ...
Registered in 0.001411 seconds.
Begin MonoManager ReloadAssembly
Native extension for LinuxStandalone target not found
Native extension for WindowsStandalone target not found
Refreshing native plugins compatible for Editor in 0.61 ms, found 0 plugins.
Preloading 0 native plugins for Editor in 0.00 ms.
Invoked RoslynAnalysisRunner static constructor.
RoslynAnalysisRunner will not be running.
RoslynAnalysisRunner has terminated.
Mono: successfully reloaded assembly
- Completed reload, in  1.092 seconds
Platform modules already initialized, skipping
Refreshing native plugins compatible for Editor in 0.48 ms, found 0 plugins.
Preloading 0 native plugins for Editor in 0.00 ms.
Unloading 1247 Unused Serialized files (Serialized files now loaded: 0)
System memory in use before: 65.4 MB.
System memory in use after: 65.5 MB.

Unloading 17 unused Assets to reduce memory usage. Loaded Objects now: 1745.
Total: 2.577700 ms (FindLiveObjects: 0.200500 ms CreateObjectMapping: 0.088900 ms MarkObjects: 2.240000 ms  DeleteObjects: 0.047000 ms)

========================================================================
Received Prepare
Registering precompiled user dll's ...
Registered in 0.000889 seconds.
Begin MonoManager ReloadAssembly
Native extension for LinuxStandalone target not found
Native extension for WindowsStandalone target not found
Refreshing native plugins compatible for Editor in 0.47 ms, found 0 plugins.
Preloading 0 native plugins for Editor in 0.00 ms.
Invoked RoslynAnalysisRunner static constructor.
RoslynAnalysisRunner will not be running.
RoslynAnalysisRunner has terminated.
Mono: successfully reloaded assembly
- Completed reload, in  1.122 seconds
Platform modules already initialized, skipping
Refreshing native plugins compatible for Editor in 0.39 ms, found 0 plugins.
Preloading 0 native plugins for Editor in 0.00 ms.
Unloading 1247 Unused Serialized files (Serialized files now loaded: 0)
System memory in use before: 65.6 MB.
System memory in use after: 65.7 MB.

Unloading 17 unused Assets to reduce memory usage. Loaded Objects now: 1747.
Total: 3.482900 ms (FindLiveObjects: 0.330000 ms CreateObjectMapping: 0.067200 ms MarkObjects: 3.042900 ms  DeleteObjects: 0.041100 ms)

========================================================================
Received Prepare
Registering precompiled user dll's ...
Registered in 0.001534 seconds.
Begin MonoManager ReloadAssembly
Native extension for LinuxStandalone target not found
Native extension for WindowsStandalone target not found
Refreshing native plugins compatible for Editor in 0.49 ms, found 0 plugins.
Preloading 0 native plugins for Editor in 0.00 ms.
Invoked RoslynAnalysisRunner static constructor.
RoslynAnalysisRunner will not be running.
RoslynAnalysisRunner has terminated.
Mono: successfully reloaded assembly
- Completed reload, in  1.221 seconds
Platform modules already initialized, skipping
Refreshing native plugins compatible for Editor in 0.42 ms, found 0 plugins.
Preloading 0 native plugins for Editor in 0.00 ms.
Unloading 1247 Unused Serialized files (Serialized files now loaded: 0)
System memory in use before: 65.7 MB.
System memory in use after: 65.8 MB.

Unloading 17 unused Assets to reduce memory usage. Loaded Objects now: 1749.
Total: 1.806300 ms (FindLiveObjects: 0.164000 ms CreateObjectMapping: 0.055600 ms MarkObjects: 1.566800 ms  DeleteObjects: 0.018700 ms)

========================================================================
Received Import Request.
  Time since last request: 4490.284832 seconds.
  path: Assets/Scripts/Block.cs
  artifactKey: Guid(4009ecc825b8f8b44bed351f4153e487) Importer(815301076,1909f56bfc062723c751e8b465ee728b)
Start importing Assets/Scripts/Block.cs using Guid(4009ecc825b8f8b44bed351f4153e487) Importer(815301076,1909f56bfc062723c751e8b465ee728b)  -> (artifact id: '25538b2a3f3026cee3303b826753b688') in 0.128810 seconds
  Import took 0.188692 seconds .

AssetImportWorkerClient::OnTransportError - code=2 error=End of file
